<?xml version="1.0" encoding="UTF-8"?>
<!-- Generated by org.testng.reporters.JUnitReportReporter -->
<testsuite hostname="DESKTOP-CMRGMJ8" name="com.mathematica.ds.tree.BinaryTreeNodeTest" tests="1" failures="0" timestamp="1 Nov 2016 14:31:38 GMT" time="428.449" errors="0">
  <testcase name="TestPostOrderTravesalIterative" time="428.449" classname="com.mathematica.ds.tree.BinaryTreeNodeTest"/>
</testsuite> <!-- com.mathematica.ds.tree.BinaryTreeNodeTest -->
