<?xml version="1.0" encoding="UTF-8"?>
<!-- Generated by org.testng.reporters.JUnitReportReporter -->
<testsuite hostname="DESKTOP-CMRGMJ8" name="com.mathematica.ds.stacktest.LinkedStackTest" tests="7" failures="0" timestamp="22 Oct 2016 11:27:37 GMT" time="0.038" errors="0">
  <testcase name="LinkedStackPeekTest" time="0.004" classname="com.mathematica.ds.stacktest.LinkedStackTest"/>
  <testcase name="LinkedStackPopTest" time="0.003" classname="com.mathematica.ds.stacktest.LinkedStackTest"/>
  <testcase name="LinkedStackIsEmptyTest" time="0.005" classname="com.mathematica.ds.stacktest.LinkedStackTest"/>
  <testcase name="LinkedStackCreationTest" time="0.014" classname="com.mathematica.ds.stacktest.LinkedStackTest"/>
  <testcase name="LinkedStackSizeTest" time="0.004" classname="com.mathematica.ds.stacktest.LinkedStackTest"/>
  <testcase name="LinkedStackToStringTest" time="0.005" classname="com.mathematica.ds.stacktest.LinkedStackTest"/>
  <testcase name="LinkedStackPushTest" time="0.003" classname="com.mathematica.ds.stacktest.LinkedStackTest"/>
</testsuite> <!-- com.mathematica.ds.stacktest.LinkedStackTest -->
