<?xml version="1.0" encoding="UTF-8"?>
<!-- Generated by org.testng.reporters.JUnitReportReporter -->
<testsuite hostname="DESKTOP-CMRGMJ8" name="com.mathematica.heap.HeapTest" tests="1" failures="0" timestamp="24 Mar 2018 11:38:01 GMT" time="0.022" errors="0">
  <testcase name="delete" time="0.022" classname="com.mathematica.heap.HeapTest"/>
</testsuite> <!-- com.mathematica.heap.HeapTest -->
