<?xml version="1.0" encoding="UTF-8"?>
<!-- Generated by org.testng.reporters.JUnitReportReporter -->
<testsuite hostname="DESKTOP-CMRGMJ8" name="com.mathematica.ds.stacktest.FixedSizeArrayStackTest" tests="8" failures="0" timestamp="10 Oct 2016 13:31:52 GMT" time="0.031" errors="0">
  <testcase name="FixedSizeArrayStackCreationTest" time="0.015" classname="com.mathematica.ds.stacktest.FixedSizeArrayStackTest"/>
  <testcase name="FixedSizeArrayStackIsEmptyTest" time="0.003" classname="com.mathematica.ds.stacktest.FixedSizeArrayStackTest"/>
  <testcase name="FixedSizeArrayStackPush" time="0.004" classname="com.mathematica.ds.stacktest.FixedSizeArrayStackTest"/>
  <testcase name="FixedSizeArrayStackTop" time="0.002" classname="com.mathematica.ds.stacktest.FixedSizeArrayStackTest"/>
  <testcase name="FixedSizeArrayStackTopException" time="0.002" classname="com.mathematica.ds.stacktest.FixedSizeArrayStackTest"/>
  <testcase name="FixedSizeArrayStackPushOverflow" time="0.002" classname="com.mathematica.ds.stacktest.FixedSizeArrayStackTest"/>
  <testcase name="FixedSizeArrayStackPop" time="0.002" classname="com.mathematica.ds.stacktest.FixedSizeArrayStackTest"/>
  <testcase name="FixedSizeArrayStackSizeTest" time="0.001" classname="com.mathematica.ds.stacktest.FixedSizeArrayStackTest"/>
</testsuite> <!-- com.mathematica.ds.stacktest.FixedSizeArrayStackTest -->
