<?xml version="1.0" encoding="UTF-8"?>
<!-- Generated by org.testng.reporters.JUnitReportReporter -->
<testsuite hostname="DESKTOP-CMRGMJ8" name="com.mathematica.ds.queue.FixedSizeArrayQueueTest" tests="6" failures="0" timestamp="23 Oct 2016 10:03:26 GMT" time="0.034" errors="0">
  <testcase name="FixedSizeArrayQueueisEmpty" time="0.004" classname="com.mathematica.ds.queue.FixedSizeArrayQueueTest"/>
  <testcase name="FixedSizeArrayQueueDeQueue" time="0.003" classname="com.mathematica.ds.queue.FixedSizeArrayQueueTest"/>
  <testcase name="FixedSizeArrayQueueCreation" time="0.016" classname="com.mathematica.ds.queue.FixedSizeArrayQueueTest"/>
  <testcase name="FixedSizeArryaQueueSizeTest" time="0.003" classname="com.mathematica.ds.queue.FixedSizeArrayQueueTest"/>
  <testcase name="FixedSizeArrayQueueEnQueueTest" time="0.005" classname="com.mathematica.ds.queue.FixedSizeArrayQueueTest"/>
  <testcase name="FixedSizeArrayQueueisFull" time="0.003" classname="com.mathematica.ds.queue.FixedSizeArrayQueueTest"/>
</testsuite> <!-- com.mathematica.ds.queue.FixedSizeArrayQueueTest -->
