<?xml version="1.0" encoding="UTF-8"?>
<!-- Generated by org.testng.reporters.JUnitReportReporter -->
<testsuite hostname="DESKTOP-CMRGMJ8" name="com.mathematica.ds.queue.LinkedQueueTest" tests="3" failures="0" timestamp="31 Oct 2016 13:54:07 GMT" time="0.027" errors="0">
  <testcase name="LinkedQueueCretion" time="0.016" classname="com.mathematica.ds.queue.LinkedQueueTest"/>
  <testcase name="LinkedQueueDeQueueTest" time="0.004" classname="com.mathematica.ds.queue.LinkedQueueTest"/>
  <testcase name="LinkedQueueEnQueueTest" time="0.007" classname="com.mathematica.ds.queue.LinkedQueueTest"/>
</testsuite> <!-- com.mathematica.ds.queue.LinkedQueueTest -->
