<?xml version="1.0" encoding="UTF-8"?>
<!-- Generated by org.testng.reporters.JUnitReportReporter -->
<testsuite hostname="DESKTOP-CMRGMJ8" name="com.mathematica.ds.queue.DynamicSizeArrayQueueTest" tests="2" failures="0" timestamp="23 Oct 2016 12:11:11 GMT" time="171.443" errors="0">
  <testcase name="DynamicSizeArrayQueueCreation" time="0.022" classname="com.mathematica.ds.queue.DynamicSizeArrayQueueTest"/>
  <testcase name="DynamicSizeArrayQueueEnQueueTest" time="171.421" classname="com.mathematica.ds.queue.DynamicSizeArrayQueueTest"/>
</testsuite> <!-- com.mathematica.ds.queue.DynamicSizeArrayQueueTest -->
