<?xml version="1.0" encoding="UTF-8"?>
<!-- Generated by org.testng.reporters.JUnitReportReporter -->
<testsuite hostname="DESKTOP-CMRGMJ8" name="com.mathematica.ds.stacktest.DynamicArrayStackTest" tests="7" failures="0" timestamp="11 Oct 2016 14:06:14 GMT" time="108.014" errors="0">
  <testcase name="DynamicArrayStackIsEmptyTest" time="0.008" classname="com.mathematica.ds.stacktest.DynamicArrayStackTest"/>
  <testcase name="DynamicArrayStackTopTest" time="0.009" classname="com.mathematica.ds.stacktest.DynamicArrayStackTest"/>
  <testcase name="DynamicArrayStackPushTest" time="0.005" classname="com.mathematica.ds.stacktest.DynamicArrayStackTest"/>
  <testcase name="DynamicArrayStackSizeTest" time="0.006" classname="com.mathematica.ds.stacktest.DynamicArrayStackTest"/>
  <testcase name="DynamicArrayStackToString" time="1.494" classname="com.mathematica.ds.stacktest.DynamicArrayStackTest"/>
  <testcase name="DynamicArrayStackCreationTest" time="106.485" classname="com.mathematica.ds.stacktest.DynamicArrayStackTest"/>
  <testcase name="DynamicArrayStackPopTest" time="0.007" classname="com.mathematica.ds.stacktest.DynamicArrayStackTest"/>
</testsuite> <!-- com.mathematica.ds.stacktest.DynamicArrayStackTest -->
